[0mCompiling "resources/public/js/compiled/baumhaus-tagebuch.js" from ["src/cljs"]...[0m
[32mSuccessfully compiled "resources/public/js/compiled/baumhaus-tagebuch.js" in 1.166 seconds.[0m
notifying browser that file changed:  resources/public/js/compiled/out/goog/deps.js
notifying browser that file changed:  resources/public/js/compiled/out/cljs_deps.js
notifying browser that file changed:  out/baumhaus_tagebuch/core.js
[0mCompiling "resources/public/js/compiled/baumhaus-tagebuch.js" from ["src/cljs"]...[0m
[32mSuccessfully compiled "resources/public/js/compiled/baumhaus-tagebuch.js" in 1.096 seconds.[0m
notifying browser that file changed:  resources/public/js/compiled/out/cljs_deps.js
notifying browser that file changed:  out/baumhaus_tagebuch/core.js
[0mCompiling "resources/public/js/compiled/baumhaus-tagebuch.js" from ["src/cljs"]...[0m
[32mSuccessfully compiled "resources/public/js/compiled/baumhaus-tagebuch.js" in 1.047 seconds.[0m
notifying browser that file changed:  resources/public/js/compiled/out/cljs_deps.js
notifying browser that file changed:  out/baumhaus_tagebuch/core.js
[0mCompiling "resources/public/js/compiled/baumhaus-tagebuch.js" from ["src/cljs"]...[0m
[32mSuccessfully compiled "resources/public/js/compiled/baumhaus-tagebuch.js" in 0.982 seconds.[0m
notifying browser that file changed:  resources/public/js/compiled/out/cljs_deps.js
notifying browser that file changed:  out/baumhaus_tagebuch/core.js
[0mCompiling "resources/public/js/compiled/baumhaus-tagebuch.js" from ["src/cljs"]...[0m
[32mSuccessfully compiled "resources/public/js/compiled/baumhaus-tagebuch.js" in 1.048 seconds.[0m
notifying browser that file changed:  resources/public/js/compiled/out/cljs_deps.js
notifying browser that file changed:  out/baumhaus_tagebuch/core.js
[0mCompiling "resources/public/js/compiled/baumhaus-tagebuch.js" from ["src/cljs"]...[0m
[32mSuccessfully compiled "resources/public/js/compiled/baumhaus-tagebuch.js" in 1.023 seconds.[0m
notifying browser that file changed:  resources/public/js/compiled/out/cljs_deps.js
notifying browser that file changed:  out/baumhaus_tagebuch/core.js
[0mCompiling "resources/public/js/compiled/baumhaus-tagebuch.js" from ["src/cljs"]...[0m
[32mSuccessfully compiled "resources/public/js/compiled/baumhaus-tagebuch.js" in 1.01 seconds.[0m
notifying browser that file changed:  resources/public/js/compiled/out/cljs_deps.js
notifying browser that file changed:  out/baumhaus_tagebuch/core.js
[0mCompiling "resources/public/js/compiled/baumhaus-tagebuch.js" from ["src/cljs"]...[0m
[32mSuccessfully compiled "resources/public/js/compiled/baumhaus-tagebuch.js" in 0.999 seconds.[0m
notifying browser that file changed:  resources/public/js/compiled/out/cljs_deps.js
notifying browser that file changed:  out/baumhaus_tagebuch/core.js
[0mCompiling "resources/public/js/compiled/baumhaus-tagebuch.js" from ["src/cljs"]...[0m
[32mSuccessfully compiled "resources/public/js/compiled/baumhaus-tagebuch.js" in 0.996 seconds.[0m
notifying browser that file changed:  resources/public/js/compiled/out/cljs_deps.js
notifying browser that file changed:  out/baumhaus_tagebuch/core.js
[0mCompiling "resources/public/js/compiled/baumhaus-tagebuch.js" from ["src/cljs"]...[0m
[32mSuccessfully compiled "resources/public/js/compiled/baumhaus-tagebuch.js" in 0.981 seconds.[0m
notifying browser that file changed:  resources/public/js/compiled/out/cljs_deps.js
notifying browser that file changed:  out/baumhaus_tagebuch/core.js
[0mCompiling "resources/public/js/compiled/baumhaus-tagebuch.js" from ["src/cljs"]...[0m
[32mSuccessfully compiled "resources/public/js/compiled/baumhaus-tagebuch.js" in 0.993 seconds.[0m
notifying browser that file changed:  resources/public/js/compiled/out/cljs_deps.js
notifying browser that file changed:  out/baumhaus_tagebuch/core.js
[0mCompiling "resources/public/js/compiled/baumhaus-tagebuch.js" from ["src/cljs"]...[0m
[32mSuccessfully compiled "resources/public/js/compiled/baumhaus-tagebuch.js" in 1.005 seconds.[0m
notifying browser that file changed:  resources/public/js/compiled/out/cljs_deps.js
notifying browser that file changed:  out/baumhaus_tagebuch/core.js
[0mCompiling "resources/public/js/compiled/baumhaus-tagebuch.js" from ["src/cljs"]...[0m
[32mSuccessfully compiled "resources/public/js/compiled/baumhaus-tagebuch.js" in 1.012 seconds.[0m
notifying browser that file changed:  resources/public/js/compiled/out/cljs_deps.js
notifying browser that file changed:  out/baumhaus_tagebuch/core.js
[0mCompiling "resources/public/js/compiled/baumhaus-tagebuch.js" from ["src/cljs"]...[0m
[32mSuccessfully compiled "resources/public/js/compiled/baumhaus-tagebuch.js" in 1.023 seconds.[0m
notifying browser that file changed:  resources/public/js/compiled/out/cljs_deps.js
notifying browser that file changed:  out/baumhaus_tagebuch/core.js
[0mCompiling "resources/public/js/compiled/baumhaus-tagebuch.js" from ["src/cljs"]...[0m
[32mSuccessfully compiled "resources/public/js/compiled/baumhaus-tagebuch.js" in 1.178 seconds.[0m
notifying browser that file changed:  resources/public/js/compiled/out/cljs_deps.js
notifying browser that file changed:  out/baumhaus_tagebuch/core.js
[0mCompiling "resources/public/js/compiled/baumhaus-tagebuch.js" from ["src/cljs"]...[0m
[32mSuccessfully compiled "resources/public/js/compiled/baumhaus-tagebuch.js" in 0.986 seconds.[0m
notifying browser that file changed:  resources/public/js/compiled/out/cljs_deps.js
notifying browser that file changed:  out/baumhaus_tagebuch/core.js
[0mCompiling "resources/public/js/compiled/baumhaus-tagebuch.js" from ["src/cljs"]...[0m
[32mSuccessfully compiled "resources/public/js/compiled/baumhaus-tagebuch.js" in 0.994 seconds.[0m
notifying browser that file changed:  resources/public/js/compiled/out/cljs_deps.js
notifying browser that file changed:  out/baumhaus_tagebuch/core.js
[0mCompiling "resources/public/js/compiled/baumhaus-tagebuch.js" from ["src/cljs"]...[0m
[32mSuccessfully compiled "resources/public/js/compiled/baumhaus-tagebuch.js" in 1.017 seconds.[0m
notifying browser that file changed:  resources/public/js/compiled/out/cljs_deps.js
notifying browser that file changed:  out/baumhaus_tagebuch/core.js
[0mCompiling "resources/public/js/compiled/baumhaus-tagebuch.js" from ["src/cljs"]...[0m
[32mSuccessfully compiled "resources/public/js/compiled/baumhaus-tagebuch.js" in 0.992 seconds.[0m
notifying browser that file changed:  resources/public/js/compiled/out/cljs_deps.js
notifying browser that file changed:  out/baumhaus_tagebuch/core.js
[0mCompiling "resources/public/js/compiled/baumhaus-tagebuch.js" from ["src/cljs"]...[0m
[32mSuccessfully compiled "resources/public/js/compiled/baumhaus-tagebuch.js" in 1.001 seconds.[0m
notifying browser that file changed:  resources/public/js/compiled/out/cljs_deps.js
notifying browser that file changed:  out/baumhaus_tagebuch/core.js
[0mCompiling "resources/public/js/compiled/baumhaus-tagebuch.js" from ["src/cljs"]...[0m
[32mSuccessfully compiled "resources/public/js/compiled/baumhaus-tagebuch.js" in 1.089 seconds.[0m
notifying browser that file changed:  resources/public/js/compiled/out/cljs_deps.js
notifying browser that file changed:  out/baumhaus_tagebuch/core.js
[0mCompiling "resources/public/js/compiled/baumhaus-tagebuch.js" from ["src/cljs"]...[0m
[32mSuccessfully compiled "resources/public/js/compiled/baumhaus-tagebuch.js" in 1.028 seconds.[0m
notifying browser that file changed:  resources/public/js/compiled/out/cljs_deps.js
notifying browser that file changed:  out/baumhaus_tagebuch/core.js
Notifyng browser that CSS file changed: resources/public/css/style.css
[0mCompiling "resources/public/js/compiled/baumhaus-tagebuch.js" from ["src/cljs"]...[0m
[32mSuccessfully compiled "resources/public/js/compiled/baumhaus-tagebuch.js" in 1.052 seconds.[0m
notifying browser that file changed:  resources/public/js/compiled/out/cljs_deps.js
notifying browser that file changed:  out/baumhaus_tagebuch/core.js
[0mCompiling "resources/public/js/compiled/baumhaus-tagebuch.js" from ["src/cljs"]...[0m
[32mSuccessfully compiled "resources/public/js/compiled/baumhaus-tagebuch.js" in 1.02 seconds.[0m
notifying browser that file changed:  resources/public/js/compiled/out/cljs_deps.js
notifying browser that file changed:  out/baumhaus_tagebuch/core.js
[0mCompiling "resources/public/js/compiled/baumhaus-tagebuch.js" from ["src/cljs"]...[0m
[32mSuccessfully compiled "resources/public/js/compiled/baumhaus-tagebuch.js" in 1.037 seconds.[0m
notifying browser that file changed:  resources/public/js/compiled/out/cljs_deps.js
notifying browser that file changed:  out/baumhaus_tagebuch/core.js
[0mCompiling "resources/public/js/compiled/baumhaus-tagebuch.js" from ["src/cljs"]...[0m
[32mSuccessfully compiled "resources/public/js/compiled/baumhaus-tagebuch.js" in 1.015 seconds.[0m
notifying browser that file changed:  resources/public/js/compiled/out/cljs_deps.js
notifying browser that file changed:  out/baumhaus_tagebuch/core.js
[0mCompiling "resources/public/js/compiled/baumhaus-tagebuch.js" from ["src/cljs"]...[0m
[32mSuccessfully compiled "resources/public/js/compiled/baumhaus-tagebuch.js" in 1.025 seconds.[0m
notifying browser that file changed:  resources/public/js/compiled/out/cljs_deps.js
notifying browser that file changed:  out/baumhaus_tagebuch/core.js
[0mCompiling "resources/public/js/compiled/baumhaus-tagebuch.js" from ["src/cljs"]...[0m
[32mSuccessfully compiled "resources/public/js/compiled/baumhaus-tagebuch.js" in 1.026 seconds.[0m
notifying browser that file changed:  resources/public/js/compiled/out/cljs_deps.js
notifying browser that file changed:  out/baumhaus_tagebuch/core.js
[0mCompiling "resources/public/js/compiled/baumhaus-tagebuch.js" from ["src/cljs"]...[0m
[32mSuccessfully compiled "resources/public/js/compiled/baumhaus-tagebuch.js" in 1.026 seconds.[0m
notifying browser that file changed:  resources/public/js/compiled/out/cljs_deps.js
notifying browser that file changed:  out/baumhaus_tagebuch/core.js
[0mCompiling "resources/public/js/compiled/baumhaus-tagebuch.js" from ["src/cljs"]...[0m
[32mSuccessfully compiled "resources/public/js/compiled/baumhaus-tagebuch.js" in 1.016 seconds.[0m
notifying browser that file changed:  resources/public/js/compiled/out/cljs_deps.js
notifying browser that file changed:  out/baumhaus_tagebuch/core.js
[0mCompiling "resources/public/js/compiled/baumhaus-tagebuch.js" from ["src/cljs"]...[0m
[32mSuccessfully compiled "resources/public/js/compiled/baumhaus-tagebuch.js" in 1.09 seconds.[0m
notifying browser that file changed:  resources/public/js/compiled/out/cljs_deps.js
notifying browser that file changed:  out/baumhaus_tagebuch/core.js
[0mCompiling "resources/public/js/compiled/baumhaus-tagebuch.js" from ["src/cljs"]...[0m
[32mSuccessfully compiled "resources/public/js/compiled/baumhaus-tagebuch.js" in 1.018 seconds.[0m
notifying browser that file changed:  resources/public/js/compiled/out/cljs_deps.js
notifying browser that file changed:  out/baumhaus_tagebuch/core.js
[0mCompiling "resources/public/js/compiled/baumhaus-tagebuch.js" from ["src/cljs"]...[0m
[32mSuccessfully compiled "resources/public/js/compiled/baumhaus-tagebuch.js" in 1.016 seconds.[0m
notifying browser that file changed:  resources/public/js/compiled/out/cljs_deps.js
notifying browser that file changed:  out/baumhaus_tagebuch/core.js
[0mCompiling "resources/public/js/compiled/baumhaus-tagebuch.js" from ["src/cljs"]...[0m
[32mSuccessfully compiled "resources/public/js/compiled/baumhaus-tagebuch.js" in 0.997 seconds.[0m
notifying browser that file changed:  resources/public/js/compiled/out/cljs_deps.js
notifying browser that file changed:  out/baumhaus_tagebuch/core.js
[0mCompiling "resources/public/js/compiled/baumhaus-tagebuch.js" from ["src/cljs"]...[0m
[32mSuccessfully compiled "resources/public/js/compiled/baumhaus-tagebuch.js" in 1.008 seconds.[0m
notifying browser that file changed:  resources/public/js/compiled/out/cljs_deps.js
notifying browser that file changed:  out/baumhaus_tagebuch/core.js
[0mCompiling "resources/public/js/compiled/baumhaus-tagebuch.js" from ["src/cljs"]...[0m
[32mSuccessfully compiled "resources/public/js/compiled/baumhaus-tagebuch.js" in 1.023 seconds.[0m
notifying browser that file changed:  resources/public/js/compiled/out/cljs_deps.js
notifying browser that file changed:  out/baumhaus_tagebuch/core.js
[0mCompiling "resources/public/js/compiled/baumhaus-tagebuch.js" from ["src/cljs"]...[0m
[31mFailed to compile "resources/public/js/compiled/baumhaus-tagebuch.js" in 0.681 seconds.[0m
[36m----  Could not Analyze  src/cljs/baumhaus_tagebuch/core.cljs   line:161  column:34  ----[0m

  [1mWrong number of args (2) passed to: core/html[0m

  [36m159[0m  [36m(dom/div nil name[0m
  [36m160[0m  [36m         (dom/small nil (str " wrote " (format-time date))))[0m
  [33m161[0m  [1m:secondary-text (html[0m
  [0m   [0m  [33m                ^--- Wrong number of args (2) passed to: core/html[0m
  [36m162[0m  [36m                 [:img {:src "https://upload.wikimedia.org/wikipedia/commons/thumb/b/b7/Arba_domo_en_la_parko_de_la_Ch%C3%A2teau_de_Langeais_02.jpg/550px-Arba_domo_en_la_parko_de_la_Ch%C3%A2teau_de_Langeais_02.jpg"}][0m
  [36m163[0m  [36m                 [:div text])[0m
  [36m164[0m  [36m:secondary-text-lines 2[0m

[36m----  Analysis Error : Please see src/cljs/baumhaus_tagebuch/core.cljs  ----[0m
[0mCompiling "resources/public/js/compiled/baumhaus-tagebuch.js" from ["src/cljs"]...[0m
[32mSuccessfully compiled "resources/public/js/compiled/baumhaus-tagebuch.js" in 1.086 seconds.[0m
notifying browser that file changed:  resources/public/js/compiled/out/cljs_deps.js
notifying browser that file changed:  out/baumhaus_tagebuch/core.js
[0mCompiling "resources/public/js/compiled/baumhaus-tagebuch.js" from ["src/cljs"]...[0m
[32mSuccessfully compiled "resources/public/js/compiled/baumhaus-tagebuch.js" in 1.001 seconds.[0m
notifying browser that file changed:  resources/public/js/compiled/out/cljs_deps.js
notifying browser that file changed:  out/baumhaus_tagebuch/core.js
[0mCompiling "resources/public/js/compiled/baumhaus-tagebuch.js" from ["src/cljs"]...[0m
[32mSuccessfully compiled "resources/public/js/compiled/baumhaus-tagebuch.js" in 1.053 seconds.[0m
notifying browser that file changed:  resources/public/js/compiled/out/cljs_deps.js
notifying browser that file changed:  out/baumhaus_tagebuch/core.js
[0mCompiling "resources/public/js/compiled/baumhaus-tagebuch.js" from ["src/cljs"]...[0m
[32mSuccessfully compiled "resources/public/js/compiled/baumhaus-tagebuch.js" in 1.01 seconds.[0m
notifying browser that file changed:  resources/public/js/compiled/out/cljs_deps.js
notifying browser that file changed:  out/baumhaus_tagebuch/core.js
[0mCompiling "resources/public/js/compiled/baumhaus-tagebuch.js" from ["src/cljs"]...[0m
[32mSuccessfully compiled "resources/public/js/compiled/baumhaus-tagebuch.js" in 1.029 seconds.[0m
notifying browser that file changed:  resources/public/js/compiled/out/cljs_deps.js
notifying browser that file changed:  out/baumhaus_tagebuch/core.js
[0mCompiling "resources/public/js/compiled/baumhaus-tagebuch.js" from ["src/cljs"]...[0m
[32mSuccessfully compiled "resources/public/js/compiled/baumhaus-tagebuch.js" in 0.978 seconds.[0m
notifying browser that file changed:  resources/public/js/compiled/out/cljs_deps.js
notifying browser that file changed:  out/baumhaus_tagebuch/core.js
[0mCompiling "resources/public/js/compiled/baumhaus-tagebuch.js" from ["src/cljs"]...[0m
[32mSuccessfully compiled "resources/public/js/compiled/baumhaus-tagebuch.js" in 1.095 seconds.[0m
notifying browser that file changed:  resources/public/js/compiled/out/cljs_deps.js
notifying browser that file changed:  out/baumhaus_tagebuch/core.js
[0mCompiling "resources/public/js/compiled/baumhaus-tagebuch.js" from ["src/cljs"]...[0m
[32mSuccessfully compiled "resources/public/js/compiled/baumhaus-tagebuch.js" in 1.141 seconds.[0m
notifying browser that file changed:  resources/public/js/compiled/out/cljs_deps.js
notifying browser that file changed:  out/baumhaus_tagebuch/core.js
[0mCompiling "resources/public/js/compiled/baumhaus-tagebuch.js" from ["src/cljs"]...[0m
[32mSuccessfully compiled "resources/public/js/compiled/baumhaus-tagebuch.js" in 1.106 seconds.[0m
notifying browser that file changed:  resources/public/js/compiled/out/cljs_deps.js
notifying browser that file changed:  out/baumhaus_tagebuch/core.js
[0mCompiling "resources/public/js/compiled/baumhaus-tagebuch.js" from ["src/cljs"]...[0m
[32mSuccessfully compiled "resources/public/js/compiled/baumhaus-tagebuch.js" in 1.253 seconds.[0m
notifying browser that file changed:  resources/public/js/compiled/out/cljs_deps.js
notifying browser that file changed:  out/baumhaus_tagebuch/core.js
[0mCompiling "resources/public/js/compiled/baumhaus-tagebuch.js" from ["src/cljs"]...[0m
[32mSuccessfully compiled "resources/public/js/compiled/baumhaus-tagebuch.js" in 1.121 seconds.[0m
notifying browser that file changed:  resources/public/js/compiled/out/cljs_deps.js
notifying browser that file changed:  out/baumhaus_tagebuch/core.js
[0mCompiling "resources/public/js/compiled/baumhaus-tagebuch.js" from ["src/cljs"]...[0m
[32mSuccessfully compiled "resources/public/js/compiled/baumhaus-tagebuch.js" in 1.074 seconds.[0m
notifying browser that file changed:  resources/public/js/compiled/out/cljs_deps.js
notifying browser that file changed:  out/baumhaus_tagebuch/core.js
[0mCompiling "resources/public/js/compiled/baumhaus-tagebuch.js" from ["src/cljs"]...[0m
[32mSuccessfully compiled "resources/public/js/compiled/baumhaus-tagebuch.js" in 1.119 seconds.[0m
notifying browser that file changed:  resources/public/js/compiled/out/cljs_deps.js
notifying browser that file changed:  out/baumhaus_tagebuch/core.js
[0mCompiling "resources/public/js/compiled/baumhaus-tagebuch.js" from ["src/cljs"]...[0m
[32mSuccessfully compiled "resources/public/js/compiled/baumhaus-tagebuch.js" in 1.19 seconds.[0m
notifying browser that file changed:  resources/public/js/compiled/out/cljs_deps.js
notifying browser that file changed:  out/baumhaus_tagebuch/core.js
[0mCompiling "resources/public/js/compiled/baumhaus-tagebuch.js" from ["src/cljs"]...[0m
[32mSuccessfully compiled "resources/public/js/compiled/baumhaus-tagebuch.js" in 1.054 seconds.[0m
notifying browser that file changed:  resources/public/js/compiled/out/cljs_deps.js
notifying browser that file changed:  out/baumhaus_tagebuch/core.js
[0mCompiling "resources/public/js/compiled/baumhaus-tagebuch.js" from ["src/cljs"]...[0m
[32mSuccessfully compiled "resources/public/js/compiled/baumhaus-tagebuch.js" in 1.215 seconds.[0m
notifying browser that file changed:  resources/public/js/compiled/out/cljs_deps.js
notifying browser that file changed:  out/baumhaus_tagebuch/core.js
[0mCompiling "resources/public/js/compiled/baumhaus-tagebuch.js" from ["src/cljs"]...[0m
[32mSuccessfully compiled "resources/public/js/compiled/baumhaus-tagebuch.js" in 1.05 seconds.[0m
notifying browser that file changed:  resources/public/js/compiled/out/cljs_deps.js
notifying browser that file changed:  out/baumhaus_tagebuch/core.js
[0mCompiling "resources/public/js/compiled/baumhaus-tagebuch.js" from ["src/cljs"]...[0m
[32mSuccessfully compiled "resources/public/js/compiled/baumhaus-tagebuch.js" in 1.024 seconds.[0m
notifying browser that file changed:  resources/public/js/compiled/out/cljs_deps.js
notifying browser that file changed:  out/baumhaus_tagebuch/core.js
[0mCompiling "resources/public/js/compiled/baumhaus-tagebuch.js" from ["src/cljs"]...[0m
[32mSuccessfully compiled "resources/public/js/compiled/baumhaus-tagebuch.js" in 1.225 seconds.[0m
notifying browser that file changed:  resources/public/js/compiled/out/cljs_deps.js
notifying browser that file changed:  out/baumhaus_tagebuch/core.js
[0mCompiling "resources/public/js/compiled/baumhaus-tagebuch.js" from ["src/cljs"]...[0m
[32mSuccessfully compiled "resources/public/js/compiled/baumhaus-tagebuch.js" in 1.17 seconds.[0m
notifying browser that file changed:  resources/public/js/compiled/out/cljs_deps.js
notifying browser that file changed:  out/baumhaus_tagebuch/core.js
[0mCompiling "resources/public/js/compiled/baumhaus-tagebuch.js" from ["src/cljs"]...[0m
[32mSuccessfully compiled "resources/public/js/compiled/baumhaus-tagebuch.js" in 1.121 seconds.[0m
notifying browser that file changed:  resources/public/js/compiled/out/cljs_deps.js
notifying browser that file changed:  out/baumhaus_tagebuch/core.js
[0mCompiling "resources/public/js/compiled/baumhaus-tagebuch.js" from ["src/cljs"]...[0m
[32mSuccessfully compiled "resources/public/js/compiled/baumhaus-tagebuch.js" in 1.261 seconds.[0m
notifying browser that file changed:  resources/public/js/compiled/out/cljs_deps.js
notifying browser that file changed:  out/baumhaus_tagebuch/core.js
[0mCompiling "resources/public/js/compiled/baumhaus-tagebuch.js" from ["src/cljs"]...[0m
[32mSuccessfully compiled "resources/public/js/compiled/baumhaus-tagebuch.js" in 1.14 seconds.[0m
notifying browser that file changed:  resources/public/js/compiled/out/cljs_deps.js
notifying browser that file changed:  out/baumhaus_tagebuch/core.js
[0mCompiling "resources/public/js/compiled/baumhaus-tagebuch.js" from ["src/cljs"]...[0m
[36m----  Compiler Warning on   src/cljs/baumhaus_tagebuch/core.cljs   line:150  column:15  ----[0m

  [1mUse of undeclared Var cljs-react-material-ui.core/raised-butto[0m

  [36m147[0m  [36m(defn send-button [comp input-text input-name][0m
  [36m148[0m  [36m  (let [app-state (om/props comp)][0m
  [36m149[0m  [36m    (dom/div #js {:className "center-xs"}[0m
  [33m150[0m  [1m             (ui/raised-butto[0m
  [0m   [0m  [33m              ^--- Use of undeclared Var cljs-react-material-ui.core/raised-butto[0m
  [36m151[0m  [36m              {:label "Send"[0m
  [36m152[0m  [36m               :on-touch-tap[0m
  [36m153[0m  [36m               #(do[0m
  [36m154[0m  [36m                  (send-message! app-state (create-msg input-name input-text))[0m
  [36m155[0m  [36m                  (om/update-state! comp assoc :input-text ""))}))))[0m

[36m----  Compiler Warning : Please see src/cljs/baumhaus_tagebuch/core.cljs  ----[0m
[32mSuccessfully compiled "resources/public/js/compiled/baumhaus-tagebuch.js" in 1.181 seconds.[0m
notifying browser that file changed:  resources/public/js/compiled/out/cljs_deps.js
notifying browser that file changed:  out/baumhaus_tagebuch/core.js
[0mCompiling "resources/public/js/compiled/baumhaus-tagebuch.js" from ["src/cljs"]...[0m
[32mSuccessfully compiled "resources/public/js/compiled/baumhaus-tagebuch.js" in 1.11 seconds.[0m
notifying browser that file changed:  resources/public/js/compiled/out/cljs_deps.js
notifying browser that file changed:  out/baumhaus_tagebuch/core.js
[0mCompiling "resources/public/js/compiled/baumhaus-tagebuch.js" from ["src/cljs"]...[0m
[32mSuccessfully compiled "resources/public/js/compiled/baumhaus-tagebuch.js" in 1.16 seconds.[0m
notifying browser that file changed:  resources/public/js/compiled/out/cljs_deps.js
notifying browser that file changed:  out/baumhaus_tagebuch/core.js
